[0.972s] Invoking command in '/home/aadi/Documents/Koho_all/src/laser_cart_core/build/controls_pkg': /usr/bin/cmake /home/aadi/Documents/Koho_all/src/laser_cart_core/controls_pkg -DCATKIN_INSTALL_INTO_PREFIX_ROOT=0 -DCMAKE_INSTALL_PREFIX=/home/aadi/Documents/Koho_all/src/laser_cart_core/install/controls_pkg
[1.009s] -- The C compiler identification is GNU 9.4.0
[1.045s] -- The CXX compiler identification is GNU 9.4.0
[1.048s] -- Check for working C compiler: /usr/bin/cc
[1.105s] -- Check for working C compiler: /usr/bin/cc -- works
[1.107s] -- Detecting C compiler ABI info
[1.146s] -- Detecting C compiler ABI info - done
[1.154s] -- Detecting C compile features
[1.154s] -- Detecting C compile features - done
[1.156s] -- Check for working CXX compiler: /usr/bin/c++
[1.201s] -- Check for working CXX compiler: /usr/bin/c++ -- works
[1.202s] -- Detecting CXX compiler ABI info
[1.247s] -- Detecting CXX compiler ABI info - done
[1.256s] -- Detecting CXX compile features
[1.256s] -- Detecting CXX compile features - done
[1.258s] -- Using CATKIN_DEVEL_PREFIX: /home/aadi/Documents/Koho_all/src/laser_cart_core/build/controls_pkg/devel
[1.258s] -- Using CMAKE_PREFIX_PATH: /home/aadi/Documents/Koho_all/devel;/opt/ros/noetic
[1.258s] -- This workspace overlays: /home/aadi/Documents/Koho_all/devel;/opt/ros/noetic
[1.272s] -- Found PythonInterp: /usr/bin/python3 (found suitable version "3.8.10", minimum required is "3") 
[1.272s] -- Using PYTHON_EXECUTABLE: /usr/bin/python3
[1.272s] -- Using Debian Python package layout
[1.289s] -- Found PY_em: /usr/lib/python3/dist-packages/em.py  
[1.289s] -- Using empy: /usr/lib/python3/dist-packages/em.py
[1.359s] -- Using CATKIN_ENABLE_TESTING: ON
[1.359s] -- Call enable_testing()
[1.360s] -- Using CATKIN_TEST_RESULTS_DIR: /home/aadi/Documents/Koho_all/src/laser_cart_core/build/controls_pkg/test_results
[1.534s] -- Forcing gtest/gmock from source, though one was otherwise available.
[1.534s] -- Found gtest sources under '/usr/src/googletest': gtests will be built
[1.535s] -- Found gmock sources under '/usr/src/googletest': gmock will be built
[1.552s] -- Found PythonInterp: /usr/bin/python3 (found version "3.8.10") 
[1.553s] -- Found Threads: TRUE  
[1.556s] -- Using Python nosetests: /usr/bin/nosetests3
[1.590s] -- catkin 0.8.10
[1.590s] -- BUILD_SHARED_LIBS is on
[1.684s] -- Using these message generators: gencpp;geneus;genlisp;gennodejs;genpy
[1.858s] -- Installing devel-space wrapper /home/aadi/Documents/Koho_all/src/laser_cart_core/controls_pkg/scripts/tf_testing.py to /home/aadi/Documents/Koho_all/src/laser_cart_core/build/controls_pkg/devel/lib/controls_pkg
[1.858s] -- Installing devel-space wrapper /home/aadi/Documents/Koho_all/src/laser_cart_core/controls_pkg/scripts/auto_command_position_node.py to /home/aadi/Documents/Koho_all/src/laser_cart_core/build/controls_pkg/devel/lib/controls_pkg
[1.859s] -- Installing devel-space wrapper /home/aadi/Documents/Koho_all/src/laser_cart_core/controls_pkg/scripts/points_manager_node.py to /home/aadi/Documents/Koho_all/src/laser_cart_core/build/controls_pkg/devel/lib/controls_pkg
[1.859s] -- Installing devel-space wrapper /home/aadi/Documents/Koho_all/src/laser_cart_core/controls_pkg/scripts/dummy_encoder_node.py to /home/aadi/Documents/Koho_all/src/laser_cart_core/build/controls_pkg/devel/lib/controls_pkg
[1.860s] -- Configuring done
[1.868s] -- Generating done
[1.870s] -- Build files have been written to: /home/aadi/Documents/Koho_all/src/laser_cart_core/build/controls_pkg
[1.876s] Invoked command in '/home/aadi/Documents/Koho_all/src/laser_cart_core/build/controls_pkg' returned '0': /usr/bin/cmake /home/aadi/Documents/Koho_all/src/laser_cart_core/controls_pkg -DCATKIN_INSTALL_INTO_PREFIX_ROOT=0 -DCMAKE_INSTALL_PREFIX=/home/aadi/Documents/Koho_all/src/laser_cart_core/install/controls_pkg
[1.877s] Invoking command in '/home/aadi/Documents/Koho_all/src/laser_cart_core/build/controls_pkg': /usr/bin/cmake --build /home/aadi/Documents/Koho_all/src/laser_cart_core/build/controls_pkg -- -j24 -l24
[1.897s] Invoked command in '/home/aadi/Documents/Koho_all/src/laser_cart_core/build/controls_pkg' returned '0': /usr/bin/cmake --build /home/aadi/Documents/Koho_all/src/laser_cart_core/build/controls_pkg -- -j24 -l24
[1.924s] Invoking command in '/home/aadi/Documents/Koho_all/src/laser_cart_core/build/controls_pkg': /usr/bin/cmake --build /home/aadi/Documents/Koho_all/src/laser_cart_core/build/controls_pkg --target tests -- -j24 -l24
[1.952s] [35m[1mScanning dependencies of target tests[0m
[1.958s] Built target tests
[1.963s] Invoked command in '/home/aadi/Documents/Koho_all/src/laser_cart_core/build/controls_pkg' returned '0': /usr/bin/cmake --build /home/aadi/Documents/Koho_all/src/laser_cart_core/build/controls_pkg --target tests -- -j24 -l24
[1.996s] Invoking command in '/home/aadi/Documents/Koho_all/src/laser_cart_core/build/controls_pkg': /usr/bin/cmake --install /home/aadi/Documents/Koho_all/src/laser_cart_core/build/controls_pkg
[2.001s] -- Install configuration: ""
[2.001s] -- Installing: /home/aadi/Documents/Koho_all/src/laser_cart_core/install/controls_pkg/lib/pkgconfig/controls_pkg.pc
[2.001s] -- Installing: /home/aadi/Documents/Koho_all/src/laser_cart_core/install/controls_pkg/share/controls_pkg/cmake/controls_pkgConfig.cmake
[2.001s] -- Installing: /home/aadi/Documents/Koho_all/src/laser_cart_core/install/controls_pkg/share/controls_pkg/cmake/controls_pkgConfig-version.cmake
[2.002s] -- Installing: /home/aadi/Documents/Koho_all/src/laser_cart_core/install/controls_pkg/share/controls_pkg/package.xml
[2.002s] -- Installing: /home/aadi/Documents/Koho_all/src/laser_cart_core/install/controls_pkg/lib/controls_pkg/tf_testing.py
[2.002s] -- Installing: /home/aadi/Documents/Koho_all/src/laser_cart_core/install/controls_pkg/lib/controls_pkg/auto_command_position_node.py
[2.002s] -- Installing: /home/aadi/Documents/Koho_all/src/laser_cart_core/install/controls_pkg/lib/controls_pkg/points_manager_node.py
[2.002s] -- Installing: /home/aadi/Documents/Koho_all/src/laser_cart_core/install/controls_pkg/lib/controls_pkg/dummy_encoder_node.py
[2.002s] -- Installing: /home/aadi/Documents/Koho_all/src/laser_cart_core/install/controls_pkg/share/controls_pkg/launch
[2.002s] -- Installing: /home/aadi/Documents/Koho_all/src/laser_cart_core/install/controls_pkg/share/controls_pkg/launch/test_launch.launch
[2.003s] Invoked command in '/home/aadi/Documents/Koho_all/src/laser_cart_core/build/controls_pkg' returned '0': /usr/bin/cmake --install /home/aadi/Documents/Koho_all/src/laser_cart_core/build/controls_pkg
