[0.484s] Invoking command in '/home/aadi/Documents/Koho_all/src/laser_cart_core/build/sensors_pkg': /usr/bin/cmake /home/aadi/Documents/Koho_all/src/laser_cart_core/sensors_pkg -DCATKIN_INSTALL_INTO_PREFIX_ROOT=0 -DCMAKE_INSTALL_PREFIX=/home/aadi/Documents/Koho_all/src/laser_cart_core/install/sensors_pkg
[0.527s] -- The C compiler identification is GNU 9.4.0
[0.570s] -- The CXX compiler identification is GNU 9.4.0
[0.575s] -- Check for working C compiler: /usr/bin/cc
[0.637s] -- Check for working C compiler: /usr/bin/cc -- works
[0.637s] -- Detecting C compiler ABI info
[0.678s] -- Detecting C compiler ABI info - done
[0.691s] -- Detecting C compile features
[0.691s] -- Detecting C compile features - done
[0.694s] -- Check for working CXX compiler: /usr/bin/c++
[0.741s] -- Check for working CXX compiler: /usr/bin/c++ -- works
[0.742s] -- Detecting CXX compiler ABI info
[0.789s] -- Detecting CXX compiler ABI info - done
[0.802s] -- Detecting CXX compile features
[0.803s] -- Detecting CXX compile features - done
[0.805s] -- Using CATKIN_DEVEL_PREFIX: /home/aadi/Documents/Koho_all/src/laser_cart_core/build/sensors_pkg/devel
[0.805s] -- Using CMAKE_PREFIX_PATH: /home/aadi/Documents/Koho_all/devel;/opt/ros/noetic
[0.805s] -- This workspace overlays: /home/aadi/Documents/Koho_all/devel;/opt/ros/noetic
[0.819s] -- Found PythonInterp: /usr/bin/python3 (found suitable version "3.8.10", minimum required is "3") 
[0.819s] -- Using PYTHON_EXECUTABLE: /usr/bin/python3
[0.819s] -- Using Debian Python package layout
[0.838s] -- Found PY_em: /usr/lib/python3/dist-packages/em.py  
[0.838s] -- Using empy: /usr/lib/python3/dist-packages/em.py
[0.909s] -- Using CATKIN_ENABLE_TESTING: ON
[0.909s] -- Call enable_testing()
[0.910s] -- Using CATKIN_TEST_RESULTS_DIR: /home/aadi/Documents/Koho_all/src/laser_cart_core/build/sensors_pkg/test_results
[1.118s] -- Forcing gtest/gmock from source, though one was otherwise available.
[1.118s] -- Found gtest sources under '/usr/src/googletest': gtests will be built
[1.118s] -- Found gmock sources under '/usr/src/googletest': gmock will be built
[1.135s] -- Found PythonInterp: /usr/bin/python3 (found version "3.8.10") 
[1.136s] -- Found Threads: TRUE  
[1.140s] -- Using Python nosetests: /usr/bin/nosetests3
[1.173s] -- catkin 0.8.10
[1.173s] -- BUILD_SHARED_LIBS is on
[1.405s] -- Installing devel-space wrapper /home/aadi/Documents/Koho_all/src/laser_cart_core/sensors_pkg/scripts/imu_publisher.py to /home/aadi/Documents/Koho_all/src/laser_cart_core/build/sensors_pkg/devel/lib/sensors_pkg
[1.407s] -- Configuring done
[1.417s] -- Generating done
[1.419s] -- Build files have been written to: /home/aadi/Documents/Koho_all/src/laser_cart_core/build/sensors_pkg
[1.425s] Invoked command in '/home/aadi/Documents/Koho_all/src/laser_cart_core/build/sensors_pkg' returned '0': /usr/bin/cmake /home/aadi/Documents/Koho_all/src/laser_cart_core/sensors_pkg -DCATKIN_INSTALL_INTO_PREFIX_ROOT=0 -DCMAKE_INSTALL_PREFIX=/home/aadi/Documents/Koho_all/src/laser_cart_core/install/sensors_pkg
[1.426s] Invoking command in '/home/aadi/Documents/Koho_all/src/laser_cart_core/build/sensors_pkg': /usr/bin/cmake --build /home/aadi/Documents/Koho_all/src/laser_cart_core/build/sensors_pkg -- -j24 -l24
[1.447s] Invoked command in '/home/aadi/Documents/Koho_all/src/laser_cart_core/build/sensors_pkg' returned '0': /usr/bin/cmake --build /home/aadi/Documents/Koho_all/src/laser_cart_core/build/sensors_pkg -- -j24 -l24
[1.468s] Invoking command in '/home/aadi/Documents/Koho_all/src/laser_cart_core/build/sensors_pkg': /usr/bin/cmake --build /home/aadi/Documents/Koho_all/src/laser_cart_core/build/sensors_pkg --target tests -- -j24 -l24
[1.497s] [35m[1mScanning dependencies of target tests[0m
[1.503s] Built target tests
[1.508s] Invoked command in '/home/aadi/Documents/Koho_all/src/laser_cart_core/build/sensors_pkg' returned '0': /usr/bin/cmake --build /home/aadi/Documents/Koho_all/src/laser_cart_core/build/sensors_pkg --target tests -- -j24 -l24
[1.527s] Invoking command in '/home/aadi/Documents/Koho_all/src/laser_cart_core/build/sensors_pkg': /usr/bin/cmake --install /home/aadi/Documents/Koho_all/src/laser_cart_core/build/sensors_pkg
[1.531s] -- Install configuration: ""
[1.532s] -- Installing: /home/aadi/Documents/Koho_all/src/laser_cart_core/install/sensors_pkg/lib/pkgconfig/sensors_pkg.pc
[1.532s] -- Installing: /home/aadi/Documents/Koho_all/src/laser_cart_core/install/sensors_pkg/share/sensors_pkg/cmake/sensors_pkgConfig.cmake
[1.532s] -- Installing: /home/aadi/Documents/Koho_all/src/laser_cart_core/install/sensors_pkg/share/sensors_pkg/cmake/sensors_pkgConfig-version.cmake
[1.532s] -- Installing: /home/aadi/Documents/Koho_all/src/laser_cart_core/install/sensors_pkg/share/sensors_pkg/package.xml
[1.532s] -- Installing: /home/aadi/Documents/Koho_all/src/laser_cart_core/install/sensors_pkg/lib/sensors_pkg/imu_publisher.py
[1.533s] Invoked command in '/home/aadi/Documents/Koho_all/src/laser_cart_core/build/sensors_pkg' returned '0': /usr/bin/cmake --install /home/aadi/Documents/Koho_all/src/laser_cart_core/build/sensors_pkg
