[5.632s] DEBUG:colcon:Command line arguments: ['/usr/bin/colcon', 'build']
[5.632s] DEBUG:colcon:Parsed command line arguments: Namespace(allow_overriding=[], ament_cmake_args=None, base_paths=['.'], build_base='build', catkin_cmake_args=None, catkin_skip_building_tests=False, cmake_args=None, cmake_clean_cache=False, cmake_clean_first=False, cmake_force_configure=False, cmake_target=None, cmake_target_skip_unavailable=False, continue_on_error=False, event_handlers=None, executor='parallel', ignore_user_meta=False, install_base='install', log_base=None, log_level=None, main=<bound method BuildVerb.main of <colcon_core.verb.build.BuildVerb object at 0x7f1a6456a430>>, merge_install=False, metas=['./colcon.meta'], packages_above=None, packages_above_and_dependencies=None, packages_above_depth=None, packages_end=None, packages_ignore=None, packages_ignore_regex=None, packages_select=None, packages_select_build_failed=False, packages_select_by_dep=None, packages_select_regex=None, packages_select_test_failures=False, packages_skip=None, packages_skip_build_finished=False, packages_skip_by_dep=None, packages_skip_regex=None, packages_skip_test_passed=False, packages_skip_up_to=None, packages_start=None, packages_up_to=None, packages_up_to_regex=None, parallel_workers=24, paths=None, symlink_install=False, test_result_base=None, verb_extension=<colcon_core.verb.build.BuildVerb object at 0x7f1a6456a430>, verb_name='build', verb_parser=<colcon_defaults.argument_parser.defaults.DefaultArgumentsDecorator object at 0x7f1a64247df0>)
[5.886s] Level 1:colcon.colcon_core.package_discovery:discover_packages(colcon_meta) check parameters
[5.886s] Level 1:colcon.colcon_core.package_discovery:discover_packages(recursive) check parameters
[5.886s] Level 1:colcon.colcon_core.package_discovery:discover_packages(ignore) check parameters
[5.886s] Level 1:colcon.colcon_core.package_discovery:discover_packages(path) check parameters
[5.886s] Level 1:colcon.colcon_core.package_discovery:discover_packages(colcon_meta) discover
[5.887s] Level 1:colcon.colcon_core.package_discovery:discover_packages(recursive) discover
[5.887s] INFO:colcon.colcon_core.package_discovery:Crawling recursively for packages in '/home/aadi/Documents/Koho_all/src/laser_cart_core'
[5.887s] Level 1:colcon.colcon_core.package_identification:_identify(.) by extensions ['ignore', 'ignore_ament_install']
[5.887s] Level 1:colcon.colcon_core.package_identification:_identify(.) by extension 'ignore'
[5.887s] Level 1:colcon.colcon_core.package_identification:_identify(.) by extension 'ignore_ament_install'
[5.887s] Level 1:colcon.colcon_core.package_identification:_identify(.) by extensions ['colcon_pkg']
[5.887s] Level 1:colcon.colcon_core.package_identification:_identify(.) by extension 'colcon_pkg'
[5.887s] Level 1:colcon.colcon_core.package_identification:_identify(.) by extensions ['colcon_meta']
[5.887s] Level 1:colcon.colcon_core.package_identification:_identify(.) by extension 'colcon_meta'
[5.887s] Level 1:colcon.colcon_core.package_identification:_identify(.) by extensions ['ros']
[5.887s] Level 1:colcon.colcon_core.package_identification:_identify(.) by extension 'ros'
[5.894s] Level 1:colcon.colcon_core.package_identification:_identify(.) by extensions ['cmake', 'python']
[5.894s] Level 1:colcon.colcon_core.package_identification:_identify(.) by extension 'cmake'
[5.894s] Level 1:colcon.colcon_core.package_identification:_identify(.) by extension 'python'
[5.894s] Level 1:colcon.colcon_core.package_identification:_identify(.) by extensions ['python_setup_py']
[5.895s] Level 1:colcon.colcon_core.package_identification:_identify(.) by extension 'python_setup_py'
[5.895s] Level 1:colcon.colcon_core.package_identification:_identify(build) by extensions ['ignore', 'ignore_ament_install']
[5.895s] Level 1:colcon.colcon_core.package_identification:_identify(build) by extension 'ignore'
[5.895s] Level 1:colcon.colcon_core.package_identification:_identify(build) ignored
[5.895s] Level 1:colcon.colcon_core.package_identification:_identify(controls_pkg) by extensions ['ignore', 'ignore_ament_install']
[5.895s] Level 1:colcon.colcon_core.package_identification:_identify(controls_pkg) by extension 'ignore'
[5.895s] Level 1:colcon.colcon_core.package_identification:_identify(controls_pkg) by extension 'ignore_ament_install'
[5.895s] Level 1:colcon.colcon_core.package_identification:_identify(controls_pkg) by extensions ['colcon_pkg']
[5.895s] Level 1:colcon.colcon_core.package_identification:_identify(controls_pkg) by extension 'colcon_pkg'
[5.895s] Level 1:colcon.colcon_core.package_identification:_identify(controls_pkg) by extensions ['colcon_meta']
[5.895s] Level 1:colcon.colcon_core.package_identification:_identify(controls_pkg) by extension 'colcon_meta'
[5.895s] Level 1:colcon.colcon_core.package_identification:_identify(controls_pkg) by extensions ['ros']
[5.895s] Level 1:colcon.colcon_core.package_identification:_identify(controls_pkg) by extension 'ros'
[5.897s] DEBUG:colcon.colcon_core.package_identification:Package 'controls_pkg' with type 'ros.catkin' and name 'controls_pkg'
[5.897s] Level 1:colcon.colcon_core.package_identification:_identify(install) by extensions ['ignore', 'ignore_ament_install']
[5.897s] Level 1:colcon.colcon_core.package_identification:_identify(install) by extension 'ignore'
[5.897s] Level 1:colcon.colcon_core.package_identification:_identify(install) ignored
[5.897s] Level 1:colcon.colcon_core.package_identification:_identify(log) by extensions ['ignore', 'ignore_ament_install']
[5.897s] Level 1:colcon.colcon_core.package_identification:_identify(log) by extension 'ignore'
[5.897s] Level 1:colcon.colcon_core.package_identification:_identify(log) ignored
[5.897s] Level 1:colcon.colcon_core.package_identification:_identify(sensors_pkg) by extensions ['ignore', 'ignore_ament_install']
[5.897s] Level 1:colcon.colcon_core.package_identification:_identify(sensors_pkg) by extension 'ignore'
[5.897s] Level 1:colcon.colcon_core.package_identification:_identify(sensors_pkg) by extension 'ignore_ament_install'
[5.897s] Level 1:colcon.colcon_core.package_identification:_identify(sensors_pkg) by extensions ['colcon_pkg']
[5.897s] Level 1:colcon.colcon_core.package_identification:_identify(sensors_pkg) by extension 'colcon_pkg'
[5.897s] Level 1:colcon.colcon_core.package_identification:_identify(sensors_pkg) by extensions ['colcon_meta']
[5.897s] Level 1:colcon.colcon_core.package_identification:_identify(sensors_pkg) by extension 'colcon_meta'
[5.897s] Level 1:colcon.colcon_core.package_identification:_identify(sensors_pkg) by extensions ['ros']
[5.897s] Level 1:colcon.colcon_core.package_identification:_identify(sensors_pkg) by extension 'ros'
[5.897s] DEBUG:colcon.colcon_core.package_identification:Package 'sensors_pkg' with type 'ros.catkin' and name 'sensors_pkg'
[5.897s] Level 1:colcon.colcon_core.package_discovery:discover_packages(recursive) using defaults
[5.897s] Level 1:colcon.colcon_core.package_discovery:discover_packages(ignore) discover
[5.897s] Level 1:colcon.colcon_core.package_discovery:discover_packages(ignore) using defaults
[5.897s] Level 1:colcon.colcon_core.package_discovery:discover_packages(path) discover
[5.897s] Level 1:colcon.colcon_core.package_discovery:discover_packages(path) using defaults
[6.513s] Level 1:colcon.colcon_core.package_discovery:discover_packages(prefix_path) check parameters
[6.513s] Level 1:colcon.colcon_core.package_discovery:discover_packages(prefix_path) discover
[6.884s] DEBUG:colcon.colcon_installed_package_information.package_discovery:Found 3 installed packages in /opt/ros/noetic
[6.884s] Level 1:colcon.colcon_core.package_discovery:discover_packages(prefix_path) using defaults
[7.128s] Level 5:colcon.colcon_core.verb:set package 'controls_pkg' build argument 'cmake_args' from command line to 'None'
[7.128s] Level 5:colcon.colcon_core.verb:set package 'controls_pkg' build argument 'cmake_target' from command line to 'None'
[7.128s] Level 5:colcon.colcon_core.verb:set package 'controls_pkg' build argument 'cmake_target_skip_unavailable' from command line to 'False'
[7.128s] Level 5:colcon.colcon_core.verb:set package 'controls_pkg' build argument 'cmake_clean_cache' from command line to 'False'
[7.128s] Level 5:colcon.colcon_core.verb:set package 'controls_pkg' build argument 'cmake_clean_first' from command line to 'False'
[7.129s] Level 5:colcon.colcon_core.verb:set package 'controls_pkg' build argument 'cmake_force_configure' from command line to 'False'
[7.129s] Level 5:colcon.colcon_core.verb:set package 'controls_pkg' build argument 'ament_cmake_args' from command line to 'None'
[7.129s] Level 5:colcon.colcon_core.verb:set package 'controls_pkg' build argument 'catkin_cmake_args' from command line to 'None'
[7.129s] Level 5:colcon.colcon_core.verb:set package 'controls_pkg' build argument 'catkin_skip_building_tests' from command line to 'False'
[7.129s] DEBUG:colcon.colcon_core.verb:Building package 'controls_pkg' with the following arguments: {'ament_cmake_args': None, 'build_base': '/home/aadi/Documents/Koho_all/src/laser_cart_core/build/controls_pkg', 'catkin_cmake_args': None, 'catkin_skip_building_tests': False, 'cmake_args': None, 'cmake_clean_cache': False, 'cmake_clean_first': False, 'cmake_force_configure': False, 'cmake_target': None, 'cmake_target_skip_unavailable': False, 'install_base': '/home/aadi/Documents/Koho_all/src/laser_cart_core/install/controls_pkg', 'merge_install': False, 'path': '/home/aadi/Documents/Koho_all/src/laser_cart_core/controls_pkg', 'symlink_install': False, 'test_result_base': None}
[7.246s] Level 5:colcon.colcon_core.verb:set package 'sensors_pkg' build argument 'cmake_args' from command line to 'None'
[7.246s] Level 5:colcon.colcon_core.verb:set package 'sensors_pkg' build argument 'cmake_target' from command line to 'None'
[7.246s] Level 5:colcon.colcon_core.verb:set package 'sensors_pkg' build argument 'cmake_target_skip_unavailable' from command line to 'False'
[7.246s] Level 5:colcon.colcon_core.verb:set package 'sensors_pkg' build argument 'cmake_clean_cache' from command line to 'False'
[7.246s] Level 5:colcon.colcon_core.verb:set package 'sensors_pkg' build argument 'cmake_clean_first' from command line to 'False'
[7.246s] Level 5:colcon.colcon_core.verb:set package 'sensors_pkg' build argument 'cmake_force_configure' from command line to 'False'
[7.246s] Level 5:colcon.colcon_core.verb:set package 'sensors_pkg' build argument 'ament_cmake_args' from command line to 'None'
[7.246s] Level 5:colcon.colcon_core.verb:set package 'sensors_pkg' build argument 'catkin_cmake_args' from command line to 'None'
[7.246s] Level 5:colcon.colcon_core.verb:set package 'sensors_pkg' build argument 'catkin_skip_building_tests' from command line to 'False'
[7.246s] DEBUG:colcon.colcon_core.verb:Building package 'sensors_pkg' with the following arguments: {'ament_cmake_args': None, 'build_base': '/home/aadi/Documents/Koho_all/src/laser_cart_core/build/sensors_pkg', 'catkin_cmake_args': None, 'catkin_skip_building_tests': False, 'cmake_args': None, 'cmake_clean_cache': False, 'cmake_clean_first': False, 'cmake_force_configure': False, 'cmake_target': None, 'cmake_target_skip_unavailable': False, 'install_base': '/home/aadi/Documents/Koho_all/src/laser_cart_core/install/sensors_pkg', 'merge_install': False, 'path': '/home/aadi/Documents/Koho_all/src/laser_cart_core/sensors_pkg', 'symlink_install': False, 'test_result_base': None}
[7.365s] INFO:colcon.colcon_core.executor:Executing jobs using 'parallel' executor
[7.487s] DEBUG:colcon.colcon_parallel_executor.executor.parallel:run_until_complete
[7.488s] INFO:colcon.colcon_ros.task.catkin.build:Building ROS package in '/home/aadi/Documents/Koho_all/src/laser_cart_core/controls_pkg' with build type 'catkin'
[7.488s] INFO:colcon.colcon_cmake.task.cmake.build:Building CMake package in '/home/aadi/Documents/Koho_all/src/laser_cart_core/controls_pkg'
[7.614s] INFO:colcon.colcon_core.plugin_system:Skipping extension 'colcon_core.shell.bat': Not used on non-Windows systems
[7.614s] INFO:colcon.colcon_core.shell:Skip shell extension 'powershell' for command environment: Not usable outside of PowerShell
[7.614s] DEBUG:colcon.colcon_core.shell:Skip shell extension 'dsv' for command environment
[7.852s] DEBUG:colcon.colcon_core.shell:Ignoring prefix path '/home/aadi/Documents/Koho_all/devel'
[7.979s] INFO:colcon.colcon_ros.task.catkin.build:Building ROS package in '/home/aadi/Documents/Koho_all/src/laser_cart_core/sensors_pkg' with build type 'catkin'
[7.979s] INFO:colcon.colcon_cmake.task.cmake.build:Building CMake package in '/home/aadi/Documents/Koho_all/src/laser_cart_core/sensors_pkg'
[8.100s] INFO:colcon.colcon_core.shell:Skip shell extension 'powershell' for command environment: Not usable outside of PowerShell
[8.100s] DEBUG:colcon.colcon_core.shell:Skip shell extension 'dsv' for command environment
[8.337s] DEBUG:colcon.colcon_core.shell:Ignoring prefix path '/home/aadi/Documents/Koho_all/devel'
[8.460s] DEBUG:colcon.colcon_core.event_handler.log_command:Invoking command in '/home/aadi/Documents/Koho_all/src/laser_cart_core/build/controls_pkg': /usr/bin/cmake /home/aadi/Documents/Koho_all/src/laser_cart_core/controls_pkg -DCATKIN_INSTALL_INTO_PREFIX_ROOT=0 -DCMAKE_INSTALL_PREFIX=/home/aadi/Documents/Koho_all/src/laser_cart_core/install/controls_pkg
[8.463s] DEBUG:colcon.colcon_core.event_handler.log_command:Invoking command in '/home/aadi/Documents/Koho_all/src/laser_cart_core/build/sensors_pkg': /usr/bin/cmake /home/aadi/Documents/Koho_all/src/laser_cart_core/sensors_pkg -DCATKIN_INSTALL_INTO_PREFIX_ROOT=0 -DCMAKE_INSTALL_PREFIX=/home/aadi/Documents/Koho_all/src/laser_cart_core/install/sensors_pkg
[9.364s] DEBUG:colcon.colcon_core.event_handler.log_command:Invoked command in '/home/aadi/Documents/Koho_all/src/laser_cart_core/build/controls_pkg' returned '0': /usr/bin/cmake /home/aadi/Documents/Koho_all/src/laser_cart_core/controls_pkg -DCATKIN_INSTALL_INTO_PREFIX_ROOT=0 -DCMAKE_INSTALL_PREFIX=/home/aadi/Documents/Koho_all/src/laser_cart_core/install/controls_pkg
[9.365s] DEBUG:colcon.colcon_core.event_handler.log_command:Invoking command in '/home/aadi/Documents/Koho_all/src/laser_cart_core/build/controls_pkg': /usr/bin/cmake --build /home/aadi/Documents/Koho_all/src/laser_cart_core/build/controls_pkg -- -j24 -l24
[9.385s] DEBUG:colcon.colcon_core.event_handler.log_command:Invoked command in '/home/aadi/Documents/Koho_all/src/laser_cart_core/build/controls_pkg' returned '0': /usr/bin/cmake --build /home/aadi/Documents/Koho_all/src/laser_cart_core/build/controls_pkg -- -j24 -l24
[9.405s] DEBUG:colcon.colcon_core.event_handler.log_command:Invoked command in '/home/aadi/Documents/Koho_all/src/laser_cart_core/build/sensors_pkg' returned '0': /usr/bin/cmake /home/aadi/Documents/Koho_all/src/laser_cart_core/sensors_pkg -DCATKIN_INSTALL_INTO_PREFIX_ROOT=0 -DCMAKE_INSTALL_PREFIX=/home/aadi/Documents/Koho_all/src/laser_cart_core/install/sensors_pkg
[9.406s] DEBUG:colcon.colcon_core.event_handler.log_command:Invoking command in '/home/aadi/Documents/Koho_all/src/laser_cart_core/build/sensors_pkg': /usr/bin/cmake --build /home/aadi/Documents/Koho_all/src/laser_cart_core/build/sensors_pkg -- -j24 -l24
[9.412s] DEBUG:colcon.colcon_core.event_handler.log_command:Invoking command in '/home/aadi/Documents/Koho_all/src/laser_cart_core/build/controls_pkg': /usr/bin/cmake --build /home/aadi/Documents/Koho_all/src/laser_cart_core/build/controls_pkg --target tests -- -j24 -l24
[9.427s] DEBUG:colcon.colcon_core.event_handler.log_command:Invoked command in '/home/aadi/Documents/Koho_all/src/laser_cart_core/build/sensors_pkg' returned '0': /usr/bin/cmake --build /home/aadi/Documents/Koho_all/src/laser_cart_core/build/sensors_pkg -- -j24 -l24
[9.448s] DEBUG:colcon.colcon_core.event_handler.log_command:Invoking command in '/home/aadi/Documents/Koho_all/src/laser_cart_core/build/sensors_pkg': /usr/bin/cmake --build /home/aadi/Documents/Koho_all/src/laser_cart_core/build/sensors_pkg --target tests -- -j24 -l24
[9.452s] DEBUG:colcon.colcon_core.event_handler.log_command:Invoked command in '/home/aadi/Documents/Koho_all/src/laser_cart_core/build/controls_pkg' returned '0': /usr/bin/cmake --build /home/aadi/Documents/Koho_all/src/laser_cart_core/build/controls_pkg --target tests -- -j24 -l24
[9.485s] DEBUG:colcon.colcon_core.event_handler.log_command:Invoking command in '/home/aadi/Documents/Koho_all/src/laser_cart_core/build/controls_pkg': /usr/bin/cmake --install /home/aadi/Documents/Koho_all/src/laser_cart_core/build/controls_pkg
[9.488s] DEBUG:colcon.colcon_core.event_handler.log_command:Invoked command in '/home/aadi/Documents/Koho_all/src/laser_cart_core/build/sensors_pkg' returned '0': /usr/bin/cmake --build /home/aadi/Documents/Koho_all/src/laser_cart_core/build/sensors_pkg --target tests -- -j24 -l24
[9.491s] DEBUG:colcon.colcon_core.event_handler.log_command:Invoked command in '/home/aadi/Documents/Koho_all/src/laser_cart_core/build/controls_pkg' returned '0': /usr/bin/cmake --install /home/aadi/Documents/Koho_all/src/laser_cart_core/build/controls_pkg
[9.506s] DEBUG:colcon.colcon_core.event_handler.log_command:Invoking command in '/home/aadi/Documents/Koho_all/src/laser_cart_core/build/sensors_pkg': /usr/bin/cmake --install /home/aadi/Documents/Koho_all/src/laser_cart_core/build/sensors_pkg
[9.513s] DEBUG:colcon.colcon_core.event_handler.log_command:Invoked command in '/home/aadi/Documents/Koho_all/src/laser_cart_core/build/sensors_pkg' returned '0': /usr/bin/cmake --install /home/aadi/Documents/Koho_all/src/laser_cart_core/build/sensors_pkg
[9.516s] Level 1:colcon.colcon_core.shell:create_environment_hook('controls_pkg', 'ros_package_path')
[9.739s] INFO:colcon.colcon_core.shell:Creating environment hook '/home/aadi/Documents/Koho_all/src/laser_cart_core/install/controls_pkg/share/controls_pkg/hook/ros_package_path.ps1'
[9.747s] INFO:colcon.colcon_core.shell:Creating environment descriptor '/home/aadi/Documents/Koho_all/src/laser_cart_core/install/controls_pkg/share/controls_pkg/hook/ros_package_path.dsv'
[9.747s] INFO:colcon.colcon_core.shell:Creating environment hook '/home/aadi/Documents/Koho_all/src/laser_cart_core/install/controls_pkg/share/controls_pkg/hook/ros_package_path.sh'
[9.748s] Level 1:colcon.colcon_ros.task.catkin:checking '/home/aadi/Documents/Koho_all/src/laser_cart_core/install/controls_pkg/lib/python3/dist-packages'
[9.748s] Level 1:colcon.colcon_core.shell:create_environment_hook('controls_pkg', 'pkg_config_path')
[9.967s] INFO:colcon.colcon_core.shell:Creating environment hook '/home/aadi/Documents/Koho_all/src/laser_cart_core/install/controls_pkg/share/controls_pkg/hook/pkg_config_path.ps1'
[9.968s] INFO:colcon.colcon_core.shell:Creating environment descriptor '/home/aadi/Documents/Koho_all/src/laser_cart_core/install/controls_pkg/share/controls_pkg/hook/pkg_config_path.dsv'
[9.968s] INFO:colcon.colcon_core.shell:Creating environment hook '/home/aadi/Documents/Koho_all/src/laser_cart_core/install/controls_pkg/share/controls_pkg/hook/pkg_config_path.sh'
[9.970s] Level 1:colcon.colcon_core.shell:create_environment_hook('controls_pkg', 'pkg_config_path_multiarch')
[10.189s] INFO:colcon.colcon_core.shell:Creating environment hook '/home/aadi/Documents/Koho_all/src/laser_cart_core/install/controls_pkg/share/controls_pkg/hook/pkg_config_path_multiarch.ps1'
[10.190s] INFO:colcon.colcon_core.shell:Creating environment descriptor '/home/aadi/Documents/Koho_all/src/laser_cart_core/install/controls_pkg/share/controls_pkg/hook/pkg_config_path_multiarch.dsv'
[10.190s] INFO:colcon.colcon_core.shell:Creating environment hook '/home/aadi/Documents/Koho_all/src/laser_cart_core/install/controls_pkg/share/controls_pkg/hook/pkg_config_path_multiarch.sh'
[10.410s] Level 1:colcon.colcon_core.environment:create_environment_scripts_only(controls_pkg)
[10.642s] Level 1:colcon.colcon_core.environment:checking '/home/aadi/Documents/Koho_all/src/laser_cart_core/install/controls_pkg' for CMake module files
[10.642s] Level 1:colcon.colcon_core.environment:checking '/home/aadi/Documents/Koho_all/src/laser_cart_core/install/controls_pkg' for CMake config files
[10.642s] Level 1:colcon.colcon_core.shell:create_environment_hook('controls_pkg', 'cmake_prefix_path')
[10.862s] INFO:colcon.colcon_core.shell:Creating environment hook '/home/aadi/Documents/Koho_all/src/laser_cart_core/install/controls_pkg/share/controls_pkg/hook/cmake_prefix_path.ps1'
[10.863s] INFO:colcon.colcon_core.shell:Creating environment descriptor '/home/aadi/Documents/Koho_all/src/laser_cart_core/install/controls_pkg/share/controls_pkg/hook/cmake_prefix_path.dsv'
[10.863s] INFO:colcon.colcon_core.shell:Creating environment hook '/home/aadi/Documents/Koho_all/src/laser_cart_core/install/controls_pkg/share/controls_pkg/hook/cmake_prefix_path.sh'
[10.864s] Level 1:colcon.colcon_core.environment:checking '/home/aadi/Documents/Koho_all/src/laser_cart_core/install/controls_pkg/lib'
[10.864s] Level 1:colcon.colcon_core.environment:checking '/home/aadi/Documents/Koho_all/src/laser_cart_core/install/controls_pkg/bin'
[10.864s] Level 1:colcon.colcon_core.environment:checking '/home/aadi/Documents/Koho_all/src/laser_cart_core/install/controls_pkg/lib/pkgconfig/controls_pkg.pc'
[10.864s] Level 1:colcon.colcon_core.shell:create_environment_hook('controls_pkg', 'pkg_config')
[11.082s] INFO:colcon.colcon_core.shell:Creating environment hook '/home/aadi/Documents/Koho_all/src/laser_cart_core/install/controls_pkg/share/controls_pkg/hook/pkg_config.ps1'
[11.082s] INFO:colcon.colcon_core.shell:Creating environment descriptor '/home/aadi/Documents/Koho_all/src/laser_cart_core/install/controls_pkg/share/controls_pkg/hook/pkg_config.dsv'
[11.083s] INFO:colcon.colcon_core.shell:Creating environment hook '/home/aadi/Documents/Koho_all/src/laser_cart_core/install/controls_pkg/share/controls_pkg/hook/pkg_config.sh'
[11.083s] Level 1:colcon.colcon_core.environment:checking '/home/aadi/Documents/Koho_all/src/laser_cart_core/install/controls_pkg/lib/python3.8/site-packages'
[11.083s] Level 1:colcon.colcon_core.environment:checking '/home/aadi/Documents/Koho_all/src/laser_cart_core/install/controls_pkg/bin'
[11.303s] INFO:colcon.colcon_core.shell:Creating package script '/home/aadi/Documents/Koho_all/src/laser_cart_core/install/controls_pkg/share/controls_pkg/package.ps1'
[11.312s] INFO:colcon.colcon_core.shell:Creating package descriptor '/home/aadi/Documents/Koho_all/src/laser_cart_core/install/controls_pkg/share/controls_pkg/package.dsv'
[11.313s] INFO:colcon.colcon_core.shell:Creating package script '/home/aadi/Documents/Koho_all/src/laser_cart_core/install/controls_pkg/share/controls_pkg/package.sh'
[11.314s] INFO:colcon.colcon_core.shell:Creating package script '/home/aadi/Documents/Koho_all/src/laser_cart_core/install/controls_pkg/share/controls_pkg/package.bash'
[11.315s] INFO:colcon.colcon_core.shell:Creating package script '/home/aadi/Documents/Koho_all/src/laser_cart_core/install/controls_pkg/share/controls_pkg/package.zsh'
[11.315s] Level 1:colcon.colcon_core.environment:create_file_with_runtime_dependencies(/home/aadi/Documents/Koho_all/src/laser_cart_core/install/controls_pkg/share/colcon-core/packages/controls_pkg)
[11.316s] Level 1:colcon.colcon_core.shell:create_environment_hook('sensors_pkg', 'ros_package_path')
[11.533s] INFO:colcon.colcon_core.shell:Creating environment hook '/home/aadi/Documents/Koho_all/src/laser_cart_core/install/sensors_pkg/share/sensors_pkg/hook/ros_package_path.ps1'
[11.534s] INFO:colcon.colcon_core.shell:Creating environment descriptor '/home/aadi/Documents/Koho_all/src/laser_cart_core/install/sensors_pkg/share/sensors_pkg/hook/ros_package_path.dsv'
[11.534s] INFO:colcon.colcon_core.shell:Creating environment hook '/home/aadi/Documents/Koho_all/src/laser_cart_core/install/sensors_pkg/share/sensors_pkg/hook/ros_package_path.sh'
[11.534s] Level 1:colcon.colcon_ros.task.catkin:checking '/home/aadi/Documents/Koho_all/src/laser_cart_core/install/sensors_pkg/lib/python3/dist-packages'
[11.534s] Level 1:colcon.colcon_core.shell:create_environment_hook('sensors_pkg', 'pkg_config_path')
[11.750s] INFO:colcon.colcon_core.shell:Creating environment hook '/home/aadi/Documents/Koho_all/src/laser_cart_core/install/sensors_pkg/share/sensors_pkg/hook/pkg_config_path.ps1'
[11.751s] INFO:colcon.colcon_core.shell:Creating environment descriptor '/home/aadi/Documents/Koho_all/src/laser_cart_core/install/sensors_pkg/share/sensors_pkg/hook/pkg_config_path.dsv'
[11.751s] INFO:colcon.colcon_core.shell:Creating environment hook '/home/aadi/Documents/Koho_all/src/laser_cart_core/install/sensors_pkg/share/sensors_pkg/hook/pkg_config_path.sh'
[11.751s] Level 1:colcon.colcon_core.shell:create_environment_hook('sensors_pkg', 'pkg_config_path_multiarch')
[11.970s] INFO:colcon.colcon_core.shell:Creating environment hook '/home/aadi/Documents/Koho_all/src/laser_cart_core/install/sensors_pkg/share/sensors_pkg/hook/pkg_config_path_multiarch.ps1'
[11.970s] INFO:colcon.colcon_core.shell:Creating environment descriptor '/home/aadi/Documents/Koho_all/src/laser_cart_core/install/sensors_pkg/share/sensors_pkg/hook/pkg_config_path_multiarch.dsv'
[11.970s] INFO:colcon.colcon_core.shell:Creating environment hook '/home/aadi/Documents/Koho_all/src/laser_cart_core/install/sensors_pkg/share/sensors_pkg/hook/pkg_config_path_multiarch.sh'
[12.186s] Level 1:colcon.colcon_core.environment:create_environment_scripts_only(sensors_pkg)
[12.402s] Level 1:colcon.colcon_core.environment:checking '/home/aadi/Documents/Koho_all/src/laser_cart_core/install/sensors_pkg' for CMake module files
[12.403s] Level 1:colcon.colcon_core.environment:checking '/home/aadi/Documents/Koho_all/src/laser_cart_core/install/sensors_pkg' for CMake config files
[12.403s] Level 1:colcon.colcon_core.shell:create_environment_hook('sensors_pkg', 'cmake_prefix_path')
[12.619s] INFO:colcon.colcon_core.shell:Creating environment hook '/home/aadi/Documents/Koho_all/src/laser_cart_core/install/sensors_pkg/share/sensors_pkg/hook/cmake_prefix_path.ps1'
[12.619s] INFO:colcon.colcon_core.shell:Creating environment descriptor '/home/aadi/Documents/Koho_all/src/laser_cart_core/install/sensors_pkg/share/sensors_pkg/hook/cmake_prefix_path.dsv'
[12.619s] INFO:colcon.colcon_core.shell:Creating environment hook '/home/aadi/Documents/Koho_all/src/laser_cart_core/install/sensors_pkg/share/sensors_pkg/hook/cmake_prefix_path.sh'
[12.620s] Level 1:colcon.colcon_core.environment:checking '/home/aadi/Documents/Koho_all/src/laser_cart_core/install/sensors_pkg/lib'
[12.620s] Level 1:colcon.colcon_core.environment:checking '/home/aadi/Documents/Koho_all/src/laser_cart_core/install/sensors_pkg/bin'
[12.620s] Level 1:colcon.colcon_core.environment:checking '/home/aadi/Documents/Koho_all/src/laser_cart_core/install/sensors_pkg/lib/pkgconfig/sensors_pkg.pc'
[12.620s] Level 1:colcon.colcon_core.shell:create_environment_hook('sensors_pkg', 'pkg_config')
[12.835s] INFO:colcon.colcon_core.shell:Creating environment hook '/home/aadi/Documents/Koho_all/src/laser_cart_core/install/sensors_pkg/share/sensors_pkg/hook/pkg_config.ps1'
[12.836s] INFO:colcon.colcon_core.shell:Creating environment descriptor '/home/aadi/Documents/Koho_all/src/laser_cart_core/install/sensors_pkg/share/sensors_pkg/hook/pkg_config.dsv'
[12.836s] INFO:colcon.colcon_core.shell:Creating environment hook '/home/aadi/Documents/Koho_all/src/laser_cart_core/install/sensors_pkg/share/sensors_pkg/hook/pkg_config.sh'
[12.836s] Level 1:colcon.colcon_core.environment:checking '/home/aadi/Documents/Koho_all/src/laser_cart_core/install/sensors_pkg/lib/python3.8/site-packages'
[12.837s] Level 1:colcon.colcon_core.environment:checking '/home/aadi/Documents/Koho_all/src/laser_cart_core/install/sensors_pkg/bin'
[13.052s] INFO:colcon.colcon_core.shell:Creating package script '/home/aadi/Documents/Koho_all/src/laser_cart_core/install/sensors_pkg/share/sensors_pkg/package.ps1'
[13.053s] INFO:colcon.colcon_core.shell:Creating package descriptor '/home/aadi/Documents/Koho_all/src/laser_cart_core/install/sensors_pkg/share/sensors_pkg/package.dsv'
[13.053s] INFO:colcon.colcon_core.shell:Creating package script '/home/aadi/Documents/Koho_all/src/laser_cart_core/install/sensors_pkg/share/sensors_pkg/package.sh'
[13.054s] INFO:colcon.colcon_core.shell:Creating package script '/home/aadi/Documents/Koho_all/src/laser_cart_core/install/sensors_pkg/share/sensors_pkg/package.bash'
[13.054s] INFO:colcon.colcon_core.shell:Creating package script '/home/aadi/Documents/Koho_all/src/laser_cart_core/install/sensors_pkg/share/sensors_pkg/package.zsh'
[13.054s] Level 1:colcon.colcon_core.environment:create_file_with_runtime_dependencies(/home/aadi/Documents/Koho_all/src/laser_cart_core/install/sensors_pkg/share/colcon-core/packages/sensors_pkg)
[13.055s] DEBUG:colcon.colcon_parallel_executor.executor.parallel:closing loop
[13.055s] DEBUG:colcon.colcon_parallel_executor.executor.parallel:loop closed
[13.055s] DEBUG:colcon.colcon_parallel_executor.executor.parallel:run_until_complete finished with '0'
[13.055s] DEBUG:colcon.colcon_core.event_reactor:joining thread
[13.190s] INFO:colcon.colcon_core.plugin_system:Skipping extension 'colcon_notification.desktop_notification.terminal_notifier': Not used on non-Darwin systems
[13.190s] INFO:colcon.colcon_core.plugin_system:Skipping extension 'colcon_notification.desktop_notification.win32': Not used on non-Windows systems
[13.190s] INFO:colcon.colcon_notification.desktop_notification:Sending desktop notification using 'notify2'
[13.202s] DEBUG:colcon.colcon_core.event_reactor:joined thread
[13.419s] INFO:colcon.colcon_core.shell:Creating prefix script '/home/aadi/Documents/Koho_all/src/laser_cart_core/install/local_setup.ps1'
[13.428s] INFO:colcon.colcon_core.shell:Creating prefix util module '/home/aadi/Documents/Koho_all/src/laser_cart_core/install/_local_setup_util_ps1.py'
[13.430s] INFO:colcon.colcon_core.shell:Creating prefix chain script '/home/aadi/Documents/Koho_all/src/laser_cart_core/install/setup.ps1'
[13.651s] INFO:colcon.colcon_core.shell:Creating prefix script '/home/aadi/Documents/Koho_all/src/laser_cart_core/install/local_setup.sh'
[13.652s] INFO:colcon.colcon_core.shell:Creating prefix util module '/home/aadi/Documents/Koho_all/src/laser_cart_core/install/_local_setup_util_sh.py'
[13.652s] INFO:colcon.colcon_core.shell:Creating prefix chain script '/home/aadi/Documents/Koho_all/src/laser_cart_core/install/setup.sh'
[13.876s] INFO:colcon.colcon_core.shell:Creating prefix script '/home/aadi/Documents/Koho_all/src/laser_cart_core/install/local_setup.bash'
[13.877s] INFO:colcon.colcon_core.shell:Creating prefix chain script '/home/aadi/Documents/Koho_all/src/laser_cart_core/install/setup.bash'
[14.100s] INFO:colcon.colcon_core.shell:Creating prefix script '/home/aadi/Documents/Koho_all/src/laser_cart_core/install/local_setup.zsh'
[14.100s] INFO:colcon.colcon_core.shell:Creating prefix chain script '/home/aadi/Documents/Koho_all/src/laser_cart_core/install/setup.zsh'
